Arguments: 
  /home/nahid/.nvm/versions/node/v14.15.1/bin/node /home/nahid/.nvm/versions/node/v14.15.1/bin/yarn init v1.22.10

PATH: 
  /home/nahid/.nvm/versions/node/v14.15.1/bin:/home/nahid/.cache/cloud-code/installer/google-cloud-sdk/bin:/usr/local/sbin:/usr/local/bin:/usr/sbin:/usr/bin:/sbin:/bin:/usr/games:/usr/local/games:/snap/bin:/home/nahid/Android/Sdk/emulator:/home/nahid/Android/Sdk/tools:/home/nahid/Android/Sdk/tools/bin:/home/nahid/Android/Sdk/platform-tools

Yarn version: 
  1.22.10

Node version: 
  14.15.1

Platform: 
  linux x64

Trace: 
  Error: canceled
      at Interface.<anonymous> (/home/nahid/.nvm/versions/node/v14.15.1/lib/node_modules/yarn/lib/cli.js:136216:13)
      at Interface.emit (events.js:315:20)
      at Interface._ttyWrite (readline.js:875:16)
      at ReadStream.onkeypress (readline.js:213:10)
      at ReadStream.emit (events.js:315:20)
      at emitKeys (internal/readline/utils.js:345:14)
      at emitKeys.next (<anonymous>)
      at ReadStream.onData (readline.js:1144:36)
      at ReadStream.emit (events.js:315:20)
      at addChunk (_stream_readable.js:309:12)

npm manifest: 
  {
    "name": "article-example",
    "version": "1.0.0",
    "main": "index.js",
    "license": "MIT"
  }

yarn manifest: 
  No manifest

Lockfile: 
  No lockfile
